{
  "RSpec": {
    "coverage": {
      "/home/active/Desktop/Workspace/Ruby/Own/rspec_tutorial/rspec_test_app/app/helpers/widgets_helper.rb": {
        "lines": [
          0,
          0
        ],
        "branches": {
        }
      },
      "/home/active/Desktop/Workspace/Ruby/Own/rspec_tutorial/rspec_test_app/app/helpers/application_helper.rb": {
        "lines": [
          0,
          0
        ],
        "branches": {
        }
      },
      "/home/active/Desktop/Workspace/Ruby/Own/rspec_tutorial/rspec_test_app/app/controllers/widgets_controller.rb": {
        "lines": [
          null,
          null,
          null,
          0,
          0,
          null,
          0,
          0,
          0,
          null,
          0,
          null,
          0,
          0,
          0,
          null,
          0,
          null,
          0,
          0,
          0,
          0,
          0,
          0,
          0,
          0,
          null,
          0,
          0,
          0,
          0,
          0,
          0,
          0,
          null,
          0,
          0,
          null,
          0,
          0,
          null,
          0,
          null,
          0,
          0,
          0,
          null,
          0,
          0,
          0,
          0
        ],
        "branches": {
        }
      },
      "/home/active/Desktop/Workspace/Ruby/Own/rspec_tutorial/rspec_test_app/app/controllers/application_controller.rb": {
        "lines": [
          0,
          0
        ],
        "branches": {
        }
      },
      "/home/active/Desktop/Workspace/Ruby/Own/rspec_tutorial/rspec_test_app/app/channels/application_cable/connection.rb": {
        "lines": [
          0,
          0,
          0,
          0
        ],
        "branches": {
        }
      },
      "/home/active/Desktop/Workspace/Ruby/Own/rspec_tutorial/rspec_test_app/app/channels/application_cable/channel.rb": {
        "lines": [
          0,
          0,
          0,
          0
        ],
        "branches": {
        }
      },
      "/home/active/Desktop/Workspace/Ruby/Own/rspec_tutorial/rspec_test_app/app/models/widget.rb": {
        "lines": [
          0,
          0
        ],
        "branches": {
        }
      },
      "/home/active/Desktop/Workspace/Ruby/Own/rspec_tutorial/rspec_test_app/app/models/application_record.rb": {
        "lines": [
          0,
          0,
          0
        ],
        "branches": {
        }
      },
      "/home/active/Desktop/Workspace/Ruby/Own/rspec_tutorial/rspec_test_app/app/jobs/application_job.rb": {
        "lines": [
          0,
          null,
          null,
          null,
          null,
          null,
          0
        ],
        "branches": {
        }
      },
      "/home/active/Desktop/Workspace/Ruby/Own/rspec_tutorial/rspec_test_app/app/mailers/application_mailer.rb": {
        "lines": [
          0,
          0,
          0,
          0
        ],
        "branches": {
        }
      }
    },
    "timestamp": 1665485987
  }
}
